# JRE version: OpenJDK Runtime Environment (24.0.1+9) (build 24.0.1+9-30)
# Java VM: OpenJDK 64-Bit Server VM (24.0.1+9-30, mixed mode, emulated-client, sharing, tiered, compressed oops, compressed class ptrs, g1 gc, windows-amd64)
GC Precious Log:
 CardTable entry size: 512
 Card Set container configuration: InlinePtr #cards 5 size 8 Array Of Cards #cards 10 size 36 Howl #buckets 4 coarsen threshold 1843 Howl Bitmap #cards 512 size 80 coarsen threshold 460 Card regions per heap region 1 cards per card region 2048
 CPUs: 4 total, 4 available
 Memory: 7101M
 Large Page Support: Disabled
 NUMA Support: Disabled
 Compressed Oops: Enabled (32-bit)
 Heap Region Size: 1M
 Heap Min Capacity: 8M
 Heap Initial Capacity: 112M
 Heap Max Capacity: 1776M
 Pre-touch: Disabled
 Parallel Workers: 4
 Concurrent Workers: 1
 Concurrent Refinement Workers: 4
 Periodic GC: Disabled
Heap:
 garbage-first heap   total reserved 1818624K, committed 73728K, used 60385K [0x0000000091000000, 0x0000000100000000)
  region size 1024K, 24 young (24576K), 3 survivors (3072K)
 Metaspace       used 86049K, committed 86720K, reserved 1179648K
  class space    used 9942K, committed 10240K, reserved 1048576K
GC Heap History (20 events):
Event: 13.148 GC heap before
{Heap before GC invocations=14 (full 0):
 garbage-first heap   total reserved 1818624K, committed 61440K, used 47471K [0x0000000091000000, 0x0000000100000000)
  region size 1024K, 25 young (25600K), 4 survivors (4096K)
 Metaspace       used 60461K, committed 60928K, reserved 1114112K
  class space    used 6481K, committed 6720K, reserved 1048576K
}
Event: 13.158 GC heap after
{Heap after GC invocations=15 (full 0):
 garbage-first heap   total reserved 1818624K, committed 61440K, used 28789K [0x0000000091000000, 0x0000000100000000)
  region size 1024K, 3 young (3072K), 3 survivors (3072K)
 Metaspace       used 60461K, committed 60928K, reserved 1114112K
  class space    used 6481K, committed 6720K, reserved 1048576K
}
Event: 14.518 GC heap before
{Heap before GC invocations=16 (full 0):
 garbage-first heap   total reserved 1818624K, committed 61440K, used 53365K [0x0000000091000000, 0x0000000100000000)
  region size 1024K, 28 young (28672K), 3 survivors (3072K)
 Metaspace       used 64686K, committed 65216K, reserved 1114112K
  class space    used 6971K, committed 7232K, reserved 1048576K
}
Event: 14.529 GC heap after
{Heap after GC invocations=17 (full 0):
 garbage-first heap   total reserved 1818624K, committed 61440K, used 29643K [0x0000000091000000, 0x0000000100000000)
  region size 1024K, 2 young (2048K), 2 survivors (2048K)
 Metaspace       used 64686K, committed 65216K, reserved 1114112K
  class space    used 6971K, committed 7232K, reserved 1048576K
}
Event: 15.315 GC heap before
{Heap before GC invocations=17 (full 0):
 garbage-first heap   total reserved 1818624K, committed 61440K, used 54219K [0x0000000091000000, 0x0000000100000000)
  region size 1024K, 27 young (27648K), 2 survivors (2048K)
 Metaspace       used 68703K, committed 69248K, reserved 1114112K
  class space    used 7460K, committed 7680K, reserved 1048576K
}
Event: 15.328 GC heap after
{Heap after GC invocations=18 (full 0):
 garbage-first heap   total reserved 1818624K, committed 61440K, used 31084K [0x0000000091000000, 0x0000000100000000)
  region size 1024K, 4 young (4096K), 4 survivors (4096K)
 Metaspace       used 68703K, committed 69248K, reserved 1114112K
  class space    used 7460K, committed 7680K, reserved 1048576K
}
Event: 16.009 GC heap before
{Heap before GC invocations=18 (full 0):
 garbage-first heap   total reserved 1818624K, committed 61440K, used 52588K [0x0000000091000000, 0x0000000100000000)
  region size 1024K, 26 young (26624K), 4 survivors (4096K)
 Metaspace       used 71787K, committed 72320K, reserved 1114112K
  class space    used 8152K, committed 8384K, reserved 1048576K
}
Event: 16.024 GC heap after
{Heap after GC invocations=19 (full 0):
 garbage-first heap   total reserved 1818624K, committed 61440K, used 33378K [0x0000000091000000, 0x0000000100000000)
  region size 1024K, 4 young (4096K), 4 survivors (4096K)
 Metaspace       used 71787K, committed 72320K, reserved 1114112K
  class space    used 8152K, committed 8384K, reserved 1048576K
}
Event: 16.259 GC heap before
{Heap before GC invocations=19 (full 0):
 garbage-first heap   total reserved 1818624K, committed 61440K, used 52834K [0x0000000091000000, 0x0000000100000000)
  region size 1024K, 24 young (24576K), 4 survivors (4096K)
 Metaspace       used 73185K, committed 73792K, reserved 1179648K
  class space    used 8322K, committed 8576K, reserved 1048576K
}
Event: 16.270 GC heap after
{Heap after GC invocations=20 (full 0):
 garbage-first heap   total reserved 1818624K, committed 61440K, used 34355K [0x0000000091000000, 0x0000000100000000)
  region size 1024K, 1 young (1024K), 1 survivors (1024K)
 Metaspace       used 73185K, committed 73792K, reserved 1179648K
  class space    used 8322K, committed 8576K, reserved 1048576K
}
Event: 16.565 GC heap before
{Heap before GC invocations=21 (full 0):
 garbage-first heap   total reserved 1818624K, committed 61440K, used 55859K [0x0000000091000000, 0x0000000100000000)
  region size 1024K, 22 young (22528K), 1 survivors (1024K)
 Metaspace       used 73553K, committed 74112K, reserved 1179648K
  class space    used 8409K, committed 8640K, reserved 1048576K
}
Event: 16.569 GC heap after
{Heap after GC invocations=22 (full 0):
 garbage-first heap   total reserved 1818624K, committed 61440K, used 34657K [0x0000000091000000, 0x0000000100000000)
  region size 1024K, 2 young (2048K), 2 survivors (2048K)
 Metaspace       used 73553K, committed 74112K, reserved 1179648K
  class space    used 8409K, committed 8640K, reserved 1048576K
}
Event: 16.688 GC heap before
{Heap before GC invocations=22 (full 0):
 garbage-first heap   total reserved 1818624K, committed 61440K, used 55137K [0x0000000091000000, 0x0000000100000000)
  region size 1024K, 22 young (22528K), 2 survivors (2048K)
 Metaspace       used 73635K, committed 74176K, reserved 1179648K
  class space    used 8425K, committed 8640K, reserved 1048576K
}
Event: 16.696 GC heap after
{Heap after GC invocations=23 (full 0):
 garbage-first heap   total reserved 1818624K, committed 73728K, used 35660K [0x0000000091000000, 0x0000000100000000)
  region size 1024K, 3 young (3072K), 3 survivors (3072K)
 Metaspace       used 73635K, committed 74176K, reserved 1179648K
  class space    used 8425K, committed 8640K, reserved 1048576K
}
Event: 17.587 GC heap before
{Heap before GC invocations=23 (full 0):
 garbage-first heap   total reserved 1818624K, committed 73728K, used 64332K [0x0000000091000000, 0x0000000100000000)
  region size 1024K, 31 young (31744K), 3 survivors (3072K)
 Metaspace       used 75286K, committed 75840K, reserved 1179648K
  class space    used 8652K, committed 8896K, reserved 1048576K
}
Event: 17.594 GC heap after
{Heap after GC invocations=24 (full 0):
 garbage-first heap   total reserved 1818624K, committed 73728K, used 36783K [0x0000000091000000, 0x0000000100000000)
  region size 1024K, 3 young (3072K), 3 survivors (3072K)
 Metaspace       used 75286K, committed 75840K, reserved 1179648K
  class space    used 8652K, committed 8896K, reserved 1048576K
}
Event: 18.630 GC heap before
{Heap before GC invocations=24 (full 0):
 garbage-first heap   total reserved 1818624K, committed 73728K, used 64431K [0x0000000091000000, 0x0000000100000000)
  region size 1024K, 30 young (30720K), 3 survivors (3072K)
 Metaspace       used 78390K, committed 78912K, reserved 1179648K
  class space    used 9049K, committed 9280K, reserved 1048576K
}
Event: 18.643 GC heap after
{Heap after GC invocations=25 (full 0):
 garbage-first heap   total reserved 1818624K, committed 73728K, used 38872K [0x0000000091000000, 0x0000000100000000)
  region size 1024K, 4 young (4096K), 4 survivors (4096K)
 Metaspace       used 78390K, committed 78912K, reserved 1179648K
  class space    used 9049K, committed 9280K, reserved 1048576K
}
Event: 32.702 GC heap before
{Heap before GC invocations=25 (full 0):
 garbage-first heap   total reserved 1818624K, committed 73728K, used 64472K [0x0000000091000000, 0x0000000100000000)
  region size 1024K, 29 young (29696K), 4 survivors (4096K)
 Metaspace       used 82582K, committed 83328K, reserved 1179648K
  class space    used 9536K, committed 9856K, reserved 1048576K
}
Event: 32.716 GC heap after
{Heap after GC invocations=26 (full 0):
 garbage-first heap   total reserved 1818624K, committed 73728K, used 40929K [0x0000000091000000, 0x0000000100000000)
  region size 1024K, 3 young (3072K), 3 survivors (3072K)
 Metaspace       used 82582K, committed 83328K, reserved 1179648K
  class space    used 9536K, committed 9856K, reserved 1048576K
}

